[    15.985] (--) Log file renamed from "/home/vanillaos/.local/share/xorg/Xorg.pid-1459.log" to "/home/vanillaos/.local/share/xorg/Xorg.0.log"
[    15.990] 
X.Org X Server 1.21.1.4
X Protocol Version 11, Revision 0
[    15.991] Current Operating System: Linux vanillaos 5.19.0-46-generic #47-Ubuntu SMP PREEMPT_DYNAMIC Fri Jun 16 13:30:11 UTC 2023 x86_64
[    15.991] Kernel command line: BOOT_IMAGE=/casper/vmlinuz boot=casper quiet splash bgrt_disable ---
[    15.991] xorg-server 2:21.1.4-2ubuntu1.7 (For technical support please see http://www.ubuntu.com/support) 
[    15.991] Current version of pixman: 0.40.0
[    15.991] 	Before reporting problems, check http://wiki.x.org
	to make sure that you have the latest version.
[    15.991] Markers: (--) probed, (**) from config file, (==) default setting,
	(++) from command line, (!!) notice, (II) informational,
	(WW) warning, (EE) error, (NI) not implemented, (??) unknown.
[    15.991] (==) Log file: "/home/vanillaos/.local/share/xorg/Xorg.0.log", Time: Mon Mar 18 10:07:56 2024
[    15.996] (==) Using system config directory "/usr/share/X11/xorg.conf.d"
[    16.003] (==) No Layout section.  Using the first Screen section.
[    16.003] (==) No screen section available. Using defaults.
[    16.003] (**) |-->Screen "Default Screen Section" (0)
[    16.003] (**) |   |-->Monitor "<default monitor>"
[    16.003] (==) No monitor specified for screen "Default Screen Section".
	Using a default monitor configuration.
[    16.003] (==) Automatically adding devices
[    16.003] (==) Automatically enabling devices
[    16.003] (==) Automatically adding GPU devices
[    16.003] (==) Automatically binding GPU devices
[    16.003] (==) Max clients allowed: 256, resource mask: 0x1fffff
[    16.026] (WW) The directory "/usr/share/fonts/X11/cyrillic" does not exist.
[    16.026] 	Entry deleted from font path.
[    16.026] (WW) The directory "/usr/share/fonts/X11/100dpi/" does not exist.
[    16.026] 	Entry deleted from font path.
[    16.026] (WW) The directory "/usr/share/fonts/X11/75dpi/" does not exist.
[    16.026] 	Entry deleted from font path.
[    16.027] (WW) The directory "/usr/share/fonts/X11/100dpi" does not exist.
[    16.027] 	Entry deleted from font path.
[    16.027] (WW) The directory "/usr/share/fonts/X11/75dpi" does not exist.
[    16.027] 	Entry deleted from font path.
[    16.027] (==) FontPath set to:
	/usr/share/fonts/X11/misc,
	/usr/share/fonts/X11/Type1,
	built-ins
[    16.027] (==) ModulePath set to "/usr/lib/xorg/modules"
[    16.027] (II) The server relies on udev to provide the list of input devices.
	If no devices become available, reconfigure udev or disable AutoAddDevices.
[    16.027] (II) Loader magic: 0x5578ff6bc020
[    16.027] (II) Module ABI versions:
[    16.027] 	X.Org ANSI C Emulation: 0.4
[    16.027] 	X.Org Video Driver: 25.2
[    16.027] 	X.Org XInput driver : 24.4
[    16.027] 	X.Org Server Extension : 10.0
[    16.029] (++) using VT number 2

[    16.030] (II) systemd-logind: took control of session /org/freedesktop/login1/session/_31
[    16.031] (II) xfree86: Adding drm device (/dev/dri/card0)
[    16.031] (II) Platform probe for /sys/devices/pci0000:00/0000:00:08.1/0000:04:00.0/drm/card0
[    16.035] (II) systemd-logind: got fd for /dev/dri/card0 226:0 fd 14 paused 0
[    16.039] (--) PCI:*(4@0:0:0) 1002:15d8:103c:87d2 rev 196, Mem @ 0xb0000000/268435456, 0xc0000000/2097152, 0xc0400000/524288, I/O @ 0x00001000/256
[    16.039] (II) LoadModule: "glx"
[    16.043] (II) Loading /usr/lib/xorg/modules/extensions/libglx.so
[    16.142] (II) Module glx: vendor="X.Org Foundation"
[    16.142] 	compiled for 1.21.1.4, module version = 1.0.0
[    16.142] 	ABI class: X.Org Server Extension, version 10.0
[    16.142] (==) Matched ati as autoconfigured driver 0
[    16.142] (==) Matched modesetting as autoconfigured driver 1
[    16.142] (==) Matched fbdev as autoconfigured driver 2
[    16.142] (==) Matched vesa as autoconfigured driver 3
[    16.142] (==) Assigned the driver to the xf86ConfigLayout
[    16.142] (II) LoadModule: "ati"
[    16.145] (WW) Warning, couldn't open module ati
[    16.145] (EE) Failed to load module "ati" (module does not exist, 0)
[    16.145] (II) LoadModule: "modesetting"
[    16.145] (II) Loading /usr/lib/xorg/modules/drivers/modesetting_drv.so
[    16.150] (II) Module modesetting: vendor="X.Org Foundation"
[    16.150] 	compiled for 1.21.1.4, module version = 1.21.1
[    16.150] 	Module class: X.Org Video Driver
[    16.150] 	ABI class: X.Org Video Driver, version 25.2
[    16.150] (II) LoadModule: "fbdev"
[    16.158] (WW) Warning, couldn't open module fbdev
[    16.158] (EE) Failed to load module "fbdev" (module does not exist, 0)
[    16.158] (II) LoadModule: "vesa"
[    16.158] (WW) Warning, couldn't open module vesa
[    16.158] (EE) Failed to load module "vesa" (module does not exist, 0)
[    16.158] (==) Matched ati as autoconfigured driver 0
[    16.158] (==) Matched modesetting as autoconfigured driver 1
[    16.158] (==) Matched fbdev as autoconfigured driver 2
[    16.158] (==) Matched vesa as autoconfigured driver 3
[    16.158] (==) Assigned the driver to the xf86ConfigLayout
[    16.158] (II) LoadModule: "ati"
[    16.158] (WW) Warning, couldn't open module ati
[    16.158] (EE) Failed to load module "ati" (module does not exist, 0)
[    16.158] (II) LoadModule: "modesetting"
[    16.158] (II) Loading /usr/lib/xorg/modules/drivers/modesetting_drv.so
[    16.158] (II) Module modesetting: vendor="X.Org Foundation"
[    16.158] 	compiled for 1.21.1.4, module version = 1.21.1
[    16.158] 	Module class: X.Org Video Driver
[    16.158] 	ABI class: X.Org Video Driver, version 25.2
[    16.158] (II) UnloadModule: "modesetting"
[    16.158] (II) Unloading modesetting
[    16.158] (II) Failed to load module "modesetting" (already loaded, 0)
[    16.158] (II) LoadModule: "fbdev"
[    16.159] (WW) Warning, couldn't open module fbdev
[    16.159] (EE) Failed to load module "fbdev" (module does not exist, 0)
[    16.159] (II) LoadModule: "vesa"
[    16.159] (WW) Warning, couldn't open module vesa
[    16.159] (EE) Failed to load module "vesa" (module does not exist, 0)
[    16.159] (II) modesetting: Driver for Modesetting Kernel Drivers: kms
[    16.159] (II) modeset(0): using drv /dev/dri/card0
[    16.159] (WW) VGA arbiter: cannot open kernel arbiter, no multi-card support
[    16.159] (II) modeset(0): Creating default Display subsection in Screen section
	"Default Screen Section" for depth/fbbpp 24/32
[    16.159] (==) modeset(0): Depth 24, (==) framebuffer bpp 32
[    16.159] (==) modeset(0): RGB weight 888
[    16.159] (==) modeset(0): Default visual is TrueColor
[    16.159] (II) Loading sub module "glamoregl"
[    16.159] (II) LoadModule: "glamoregl"
[    16.159] (II) Loading /usr/lib/xorg/modules/libglamoregl.so
[    16.282] (II) Module glamoregl: vendor="X.Org Foundation"
[    16.282] 	compiled for 1.21.1.4, module version = 1.0.1
[    16.282] 	ABI class: X.Org ANSI C Emulation, version 0.4
[    19.821] (II) modeset(0): glamor X acceleration enabled on AMD Radeon Vega 3 Graphics (raven2, LLVM 15.0.2, DRM 3.47, 5.19.0-46-generic)
[    19.821] (II) modeset(0): glamor initialized
[    19.821] (==) modeset(0): VariableRefresh: disabled
[    19.821] (==) modeset(0): AsyncFlipSecondaries: disabled
[    19.822] (II) modeset(0): Output eDP-1 has no monitor section
[    19.822] (II) modeset(0): Output HDMI-1 has no monitor section
[    19.829] (II) modeset(0): EDID for output eDP-1
[    19.829] (II) modeset(0): Manufacturer: BOE  Model: 91f  Serial#: 0
[    19.829] (II) modeset(0): Year: 2020  Week: 8
[    19.829] (II) modeset(0): EDID Version: 1.4
[    19.829] (II) modeset(0): Digital Display Input
[    19.829] (II) modeset(0): 6 bits per channel
[    19.829] (II) modeset(0): Digital interface is DisplayPort
[    19.829] (II) modeset(0): Max Image Size [cm]: horiz.: 34  vert.: 19
[    19.829] (II) modeset(0): Gamma: 2.20
[    19.829] (II) modeset(0): No DPMS capabilities specified
[    19.829] (II) modeset(0): Supported color encodings: RGB 4:4:4 
[    19.829] (II) modeset(0): First detailed timing is preferred mode
[    19.829] (II) modeset(0): Preferred mode is native pixel format and refresh rate
[    19.829] (II) modeset(0): Display is continuous-frequency
[    19.829] (II) modeset(0): redX: 0.580 redY: 0.364   greenX: 0.352 greenY: 0.573
[    19.829] (II) modeset(0): blueX: 0.163 blueY: 0.124   whiteX: 0.313 whiteY: 0.329
[    19.829] (II) modeset(0): Manufacturer's mask: 0
[    19.829] (II) modeset(0): Supported detailed timing:
[    19.829] (II) modeset(0): clock: 76.2 MHz   Image Size:  344 x 194 mm
[    19.829] (II) modeset(0): h_active: 1366  h_sync: 1414  h_sync_end 1446 h_blank_end 1592 h_border: 0
[    19.829] (II) modeset(0): v_active: 768  v_sync: 771  v_sync_end 777 v_blanking: 798 v_border: 0
[    19.829] (II) modeset(0): Supported detailed timing:
[    19.829] (II) modeset(0): clock: 50.8 MHz   Image Size:  344 x 194 mm
[    19.829] (II) modeset(0): h_active: 1366  h_sync: 1414  h_sync_end 1446 h_blank_end 1592 h_border: 0
[    19.829] (II) modeset(0): v_active: 768  v_sync: 771  v_sync_end 777 v_blanking: 798 v_border: 0
[    19.829] (II) modeset(0): Unknown vendor-specific block 2
[    19.829] (II) modeset(0): EDID (in hex):
[    19.829] (II) modeset(0): 	00ffffffffffff0009e51f0900000000
[    19.829] (II) modeset(0): 	081e0104952213780393f5945d5a9229
[    19.829] (II) modeset(0): 	1f505400000001010101010101010101
[    19.829] (II) modeset(0): 	010101010101c71d56e250001e303020
[    19.829] (II) modeset(0): 	360058c21000001ada1356e250001e30
[    19.829] (II) modeset(0): 	3020360058c21000001a000000000000
[    19.829] (II) modeset(0): 	00000000000000000000000000000002
[    19.829] (II) modeset(0): 	000d40ff0a3c7d10101f7d0000000041
[    19.829] (II) modeset(0): Printing probed modes for output eDP-1
[    19.829] (II) modeset(0): Modeline "1366x768"x60.0   76.23  1366 1414 1446 1592  768 771 777 798 +hsync -vsync (47.9 kHz eP)
[    19.829] (II) modeset(0): Modeline "1366x768"x40.0   50.82  1366 1414 1446 1592  768 771 777 798 +hsync -vsync (31.9 kHz e)
[    19.829] (II) modeset(0): Modeline "1280x720"x60.0   76.23  1280 1414 1446 1592  720 771 777 798 +hsync -vsync (47.9 kHz e)
[    19.829] (II) modeset(0): Modeline "1280x720"x60.0   64.03  1280 1328 1360 1440  720 723 728 741 +hsync -vsync (44.5 kHz d)
[    19.829] (II) modeset(0): Modeline "1024x768"x60.0   76.23  1024 1414 1446 1592  768 771 777 798 +hsync -vsync (47.9 kHz e)
[    19.830] (II) modeset(0): Modeline "1024x768"x60.0   65.00  1024 1048 1184 1344  768 771 777 806 -hsync -vsync (48.4 kHz d)
[    19.830] (II) modeset(0): Modeline "960x720"x60.0  117.01  960 1024 1128 1300  720 720 722 750 doublescan -hsync +vsync (90.0 kHz d)
[    19.830] (II) modeset(0): Modeline "928x696"x60.0  109.06  928 976 1088 1264  696 696 698 719 doublescan -hsync +vsync (86.3 kHz d)
[    19.830] (II) modeset(0): Modeline "896x672"x60.0  102.38  896 960 1060 1224  672 672 674 697 doublescan -hsync +vsync (83.6 kHz d)
[    19.830] (II) modeset(0): Modeline "1024x576"x60.0   42.13  1024 1072 1104 1184  576 579 584 593 +hsync -vsync (35.6 kHz d)
[    19.830] (II) modeset(0): Modeline "960x600"x60.0   77.01  960 984 1000 1040  600 601 604 617 doublescan +hsync -vsync (74.0 kHz d)
[    19.830] (II) modeset(0): Modeline "960x540"x60.0   37.37  960 1008 1040 1120  540 543 548 556 +hsync -vsync (33.4 kHz d)
[    19.830] (II) modeset(0): Modeline "800x600"x60.0   76.23  800 1414 1446 1592  600 771 777 798 +hsync -vsync (47.9 kHz e)
[    19.830] (II) modeset(0): Modeline "800x600"x60.0   38.40  800 824 896 1024  600 601 603 625 +hsync +vsync (37.5 kHz d)
[    19.830] (II) modeset(0): Modeline "840x525"x60.0   59.62  840 864 880 920  525 526 529 540 doublescan +hsync -vsync (64.8 kHz d)
[    19.830] (II) modeset(0): Modeline "864x486"x60.0   30.72  864 912 944 1024  486 489 494 500 +hsync -vsync (30.0 kHz d)
[    19.830] (II) modeset(0): Modeline "700x525"x60.0   61.03  700 744 820 940  525 526 532 541 doublescan +hsync +vsync (64.9 kHz d)
[    19.830] (II) modeset(0): Modeline "800x450"x60.0   48.90  800 824 840 880  450 451 454 463 doublescan +hsync -vsync (55.6 kHz d)
[    19.830] (II) modeset(0): Modeline "640x512"x60.0   53.98  640 664 720 844  512 512 514 533 doublescan +hsync +vsync (64.0 kHz d)
[    19.830] (II) modeset(0): Modeline "700x450"x60.0   43.34  700 724 740 780  450 451 456 463 doublescan +hsync -vsync (55.6 kHz d)
[    19.830] (II) modeset(0): Modeline "640x480"x60.0   76.23  640 1414 1446 1592  480 771 777 798 +hsync -vsync (47.9 kHz e)
[    19.830] (II) modeset(0): Modeline "640x480"x60.0   25.20  640 656 752 800  480 490 492 525 -hsync -vsync (31.5 kHz d)
[    19.830] (II) modeset(0): Modeline "720x405"x60.0   22.12  720 768 800 880  405 408 413 419 +hsync -vsync (25.1 kHz d)
[    19.830] (II) modeset(0): Modeline "684x384"x60.0   36.22  684 708 724 764  384 385 390 395 doublescan +hsync -vsync (47.4 kHz d)
[    19.830] (II) modeset(0): Modeline "640x360"x60.0   17.95  640 688 720 800  360 363 368 374 +hsync -vsync (22.4 kHz d)
[    19.830] (II) modeset(0): Modeline "512x384"x60.0   32.50  512 524 592 672  384 385 388 403 doublescan -hsync -vsync (48.4 kHz d)
[    19.830] (II) modeset(0): Modeline "512x288"x60.0   21.03  512 536 552 592  288 289 292 296 doublescan +hsync -vsync (35.5 kHz d)
[    19.830] (II) modeset(0): Modeline "480x270"x60.0   18.68  480 504 520 560  270 271 274 278 doublescan +hsync -vsync (33.4 kHz d)
[    19.830] (II) modeset(0): Modeline "400x300"x60.0   19.17  400 412 448 512  300 300 301 312 doublescan +hsync +vsync (37.4 kHz d)
[    19.830] (II) modeset(0): Modeline "432x243"x60.0   15.36  432 456 472 512  243 244 247 250 doublescan +hsync -vsync (30.0 kHz d)
[    19.830] (II) modeset(0): Modeline "320x240"x60.0   12.58  320 328 376 400  240 245 246 262 doublescan -hsync -vsync (31.4 kHz d)
[    19.830] (II) modeset(0): Modeline "360x202"x60.0   11.04  360 384 400 440  202 204 206 209 doublescan +hsync -vsync (25.1 kHz d)
[    19.830] (II) modeset(0): Modeline "320x180"x60.0    8.98  320 344 360 400  180 181 184 187 doublescan +hsync -vsync (22.4 kHz d)
[    19.830] (II) modeset(0): EDID for output HDMI-1
[    19.830] (II) modeset(0): Output eDP-1 connected
[    19.830] (II) modeset(0): Output HDMI-1 disconnected
[    19.830] (II) modeset(0): Using exact sizes for initial modes
[    19.830] (II) modeset(0): Output eDP-1 using initial mode 1366x768 +0+0
[    19.830] (==) modeset(0): Using gamma correction (1.0, 1.0, 1.0)
[    19.830] (==) modeset(0): DPI set to (96, 96)
[    19.830] (II) Loading sub module "fb"
[    19.830] (II) LoadModule: "fb"
[    19.830] (II) Module "fb" already built-in
[    20.354] (==) modeset(0): Backing store enabled
[    20.354] (==) modeset(0): Silken mouse enabled
[    20.374] (II) modeset(0): Initializing kms color map for depth 24, 8 bpc.
[    20.374] (==) modeset(0): DPMS enabled
[    20.374] (II) modeset(0): [DRI2] Setup complete
[    20.374] (II) modeset(0): [DRI2]   DRI driver: radeonsi
[    20.374] (II) modeset(0): [DRI2]   VDPAU driver: radeonsi
[    20.374] (II) Initializing extension Generic Event Extension
[    20.374] (II) Initializing extension SHAPE
[    20.374] (II) Initializing extension MIT-SHM
[    20.374] (II) Initializing extension XInputExtension
[    20.375] (II) Initializing extension XTEST
[    20.375] (II) Initializing extension BIG-REQUESTS
[    20.375] (II) Initializing extension SYNC
[    20.375] (II) Initializing extension XKEYBOARD
[    20.375] (II) Initializing extension XC-MISC
[    20.375] (II) Initializing extension SECURITY
[    20.376] (II) Initializing extension XFIXES
[    20.376] (II) Initializing extension RENDER
[    20.376] (II) Initializing extension RANDR
[    20.376] (II) Initializing extension COMPOSITE
[    20.376] (II) Initializing extension DAMAGE
[    20.377] (II) Initializing extension MIT-SCREEN-SAVER
[    20.377] (II) Initializing extension DOUBLE-BUFFER
[    20.377] (II) Initializing extension RECORD
[    20.377] (II) Initializing extension DPMS
[    20.377] (II) Initializing extension Present
[    20.377] (II) Initializing extension DRI3
[    20.377] (II) Initializing extension X-Resource
[    20.378] (II) Initializing extension XVideo
[    20.378] (II) Initializing extension XVideo-MotionCompensation
[    20.378] (II) Initializing extension SELinux
[    20.378] (II) SELinux: Disabled on system
[    20.378] (II) Initializing extension GLX
[    20.392] (II) AIGLX: Loaded and initialized radeonsi
[    20.392] (II) GLX: Initialized DRI2 GL provider for screen 0
[    20.392] (II) Initializing extension XFree86-VidModeExtension
[    20.392] (II) Initializing extension XFree86-DGA
[    20.392] (II) Initializing extension XFree86-DRI
[    20.392] (II) Initializing extension DRI2
[    20.393] (II) modeset(0): Damage tracking initialized
[    20.393] (II) modeset(0): Setting screen physical size to 361 x 203
[    20.480] (EE) modeset(0): Failed to make import prime FD as pixmap: 22
[    20.617] (II) config/udev: Adding input device Power Button (/dev/input/event2)
[    20.617] (**) Power Button: Applying InputClass "libinput keyboard catchall"
[    20.617] (II) LoadModule: "libinput"
[    20.618] (II) Loading /usr/lib/xorg/modules/input/libinput_drv.so
[    20.654] (II) Module libinput: vendor="X.Org Foundation"
[    20.654] 	compiled for 1.20.14, module version = 1.2.1
[    20.654] 	Module class: X.Org XInput Driver
[    20.654] 	ABI class: X.Org XInput driver, version 24.1
[    20.654] (II) Using input driver 'libinput' for 'Power Button'
[    20.655] (II) systemd-logind: got fd for /dev/input/event2 13:66 fd 27 paused 0
[    20.655] (**) Power Button: always reports core events
[    20.655] (**) Option "Device" "/dev/input/event2"
[    20.672] (II) event2  - Power Button: is tagged by udev as: Keyboard
[    20.672] (II) event2  - Power Button: device is a keyboard
[    20.672] (II) event2  - Power Button: device removed
[    20.672] (**) Option "config_info" "udev:/sys/devices/LNXSYSTM:00/LNXPWRBN:00/input/input2/event2"
[    20.672] (II) XINPUT: Adding extended input device "Power Button" (type: KEYBOARD, id 6)
[    20.672] (**) Option "xkb_model" "pc105"
[    20.672] (**) Option "xkb_layout" "us"
[    20.673] (II) event2  - Power Button: is tagged by udev as: Keyboard
[    20.673] (II) event2  - Power Button: device is a keyboard
[    20.674] (II) config/udev: Adding input device Video Bus (/dev/input/event4)
[    20.674] (**) Video Bus: Applying InputClass "libinput keyboard catchall"
[    20.674] (II) Using input driver 'libinput' for 'Video Bus'
[    20.675] (II) systemd-logind: got fd for /dev/input/event4 13:68 fd 30 paused 0
[    20.675] (**) Video Bus: always reports core events
[    20.675] (**) Option "Device" "/dev/input/event4"
[    20.676] (II) event4  - Video Bus: is tagged by udev as: Keyboard
[    20.676] (II) event4  - Video Bus: device is a keyboard
[    20.676] (II) event4  - Video Bus: device removed
[    20.676] (**) Option "config_info" "udev:/sys/devices/LNXSYSTM:00/LNXSYBUS:00/PNP0A08:00/device:09/LNXVIDEO:00/input/input4/event4"
[    20.676] (II) XINPUT: Adding extended input device "Video Bus" (type: KEYBOARD, id 7)
[    20.676] (**) Option "xkb_model" "pc105"
[    20.676] (**) Option "xkb_layout" "us"
[    20.677] (II) event4  - Video Bus: is tagged by udev as: Keyboard
[    20.677] (II) event4  - Video Bus: device is a keyboard
[    20.678] (II) config/udev: Adding input device Power Button (/dev/input/event0)
[    20.678] (**) Power Button: Applying InputClass "libinput keyboard catchall"
[    20.678] (II) Using input driver 'libinput' for 'Power Button'
[    20.678] (II) systemd-logind: got fd for /dev/input/event0 13:64 fd 31 paused 0
[    20.678] (**) Power Button: always reports core events
[    20.678] (**) Option "Device" "/dev/input/event0"
[    20.679] (II) event0  - Power Button: is tagged by udev as: Keyboard
[    20.679] (II) event0  - Power Button: device is a keyboard
[    20.679] (II) event0  - Power Button: device removed
[    20.679] (**) Option "config_info" "udev:/sys/devices/LNXSYSTM:00/LNXSYBUS:00/PNP0C0C:00/input/input0/event0"
[    20.679] (II) XINPUT: Adding extended input device "Power Button" (type: KEYBOARD, id 8)
[    20.679] (**) Option "xkb_model" "pc105"
[    20.679] (**) Option "xkb_layout" "us"
[    20.680] (II) event0  - Power Button: is tagged by udev as: Keyboard
[    20.680] (II) event0  - Power Button: device is a keyboard
[    20.681] (II) config/udev: Adding input device Lid Switch (/dev/input/event1)
[    20.681] (II) No input driver specified, ignoring this device.
[    20.681] (II) This device may have been added with another device file.
[    20.681] (II) config/udev: Adding input device HD-Audio Generic HDMI/DP,pcm=3 (/dev/input/event9)
[    20.681] (II) No input driver specified, ignoring this device.
[    20.681] (II) This device may have been added with another device file.
[    20.682] (II) config/udev: Adding input device HP TrueVision HD Camera: HP Tru (/dev/input/event8)
[    20.682] (**) HP TrueVision HD Camera: HP Tru: Applying InputClass "libinput keyboard catchall"
[    20.682] (II) Using input driver 'libinput' for 'HP TrueVision HD Camera: HP Tru'
[    20.683] (II) systemd-logind: got fd for /dev/input/event8 13:72 fd 32 paused 0
[    20.683] (**) HP TrueVision HD Camera: HP Tru: always reports core events
[    20.683] (**) Option "Device" "/dev/input/event8"
[    20.684] (II) event8  - HP TrueVision HD Camera: HP Tru: is tagged by udev as: Keyboard
[    20.684] (II) event8  - HP TrueVision HD Camera: HP Tru: device is a keyboard
[    20.684] (II) event8  - HP TrueVision HD Camera: HP Tru: device removed
[    20.684] (**) Option "config_info" "udev:/sys/devices/pci0000:00/0000:00:08.1/0000:04:00.3/usb1/1-6/1-6.1/1-6.1:1.0/input/input12/event8"
[    20.684] (II) XINPUT: Adding extended input device "HP TrueVision HD Camera: HP Tru" (type: KEYBOARD, id 9)
[    20.684] (**) Option "xkb_model" "pc105"
[    20.684] (**) Option "xkb_layout" "us"
[    20.686] (II) event8  - HP TrueVision HD Camera: HP Tru: is tagged by udev as: Keyboard
[    20.686] (II) event8  - HP TrueVision HD Camera: HP Tru: device is a keyboard
[    20.686] (II) config/udev: Adding input device HD-Audio Generic Mic (/dev/input/event10)
[    20.686] (II) No input driver specified, ignoring this device.
[    20.686] (II) This device may have been added with another device file.
[    20.687] (II) config/udev: Adding input device HD-Audio Generic Headphone (/dev/input/event11)
[    20.687] (II) No input driver specified, ignoring this device.
[    20.687] (II) This device may have been added with another device file.
[    20.687] (II) config/udev: Adding input device ELAN072B:00 04F3:31BF Touchpad (/dev/input/event6)
[    20.687] (**) ELAN072B:00 04F3:31BF Touchpad: Applying InputClass "libinput touchpad catchall"
[    20.687] (II) Using input driver 'libinput' for 'ELAN072B:00 04F3:31BF Touchpad'
[    20.688] (II) systemd-logind: got fd for /dev/input/event6 13:70 fd 33 paused 0
[    20.688] (**) ELAN072B:00 04F3:31BF Touchpad: always reports core events
[    20.688] (**) Option "Device" "/dev/input/event6"
[    20.689] (II) event6  - ELAN072B:00 04F3:31BF Touchpad: is tagged by udev as: Touchpad
[    20.690] (II) event6  - ELAN072B:00 04F3:31BF Touchpad: device is a touchpad
[    20.690] (II) event6  - ELAN072B:00 04F3:31BF Touchpad: device removed
[    20.691] (**) Option "config_info" "udev:/sys/devices/platform/AMDI0010:01/i2c-0/i2c-ELAN072B:00/0018:04F3:31BF.0001/input/input11/event6"
[    20.691] (II) XINPUT: Adding extended input device "ELAN072B:00 04F3:31BF Touchpad" (type: TOUCHPAD, id 10)
[    20.692] (**) Option "AccelerationScheme" "none"
[    20.692] (**) ELAN072B:00 04F3:31BF Touchpad: (accel) selected scheme none/0
[    20.692] (**) ELAN072B:00 04F3:31BF Touchpad: (accel) acceleration factor: 2.000
[    20.692] (**) ELAN072B:00 04F3:31BF Touchpad: (accel) acceleration threshold: 4
[    20.693] (II) event6  - ELAN072B:00 04F3:31BF Touchpad: is tagged by udev as: Touchpad
[    20.695] (II) event6  - ELAN072B:00 04F3:31BF Touchpad: device is a touchpad
[    20.696] (II) config/udev: Adding input device ELAN072B:00 04F3:31BF Touchpad (/dev/input/mouse1)
[    20.696] (II) No input driver specified, ignoring this device.
[    20.696] (II) This device may have been added with another device file.
[    20.696] (II) config/udev: Adding input device ELAN072B:00 04F3:31BF Mouse (/dev/input/event5)
[    20.696] (**) ELAN072B:00 04F3:31BF Mouse: Applying InputClass "libinput pointer catchall"
[    20.696] (II) Using input driver 'libinput' for 'ELAN072B:00 04F3:31BF Mouse'
[    20.697] (II) systemd-logind: got fd for /dev/input/event5 13:69 fd 34 paused 0
[    20.697] (**) ELAN072B:00 04F3:31BF Mouse: always reports core events
[    20.697] (**) Option "Device" "/dev/input/event5"
[    20.698] (II) event5  - ELAN072B:00 04F3:31BF Mouse: is tagged by udev as: Mouse Pointingstick
[    20.699] (II) event5  - ELAN072B:00 04F3:31BF Mouse: device is a pointer
[    20.700] (II) event5  - ELAN072B:00 04F3:31BF Mouse: device removed
[    20.700] (**) Option "config_info" "udev:/sys/devices/platform/AMDI0010:01/i2c-0/i2c-ELAN072B:00/0018:04F3:31BF.0001/input/input9/event5"
[    20.700] (II) XINPUT: Adding extended input device "ELAN072B:00 04F3:31BF Mouse" (type: MOUSE, id 11)
[    20.700] (**) Option "AccelerationScheme" "none"
[    20.700] (**) ELAN072B:00 04F3:31BF Mouse: (accel) selected scheme none/0
[    20.700] (**) ELAN072B:00 04F3:31BF Mouse: (accel) acceleration factor: 2.000
[    20.700] (**) ELAN072B:00 04F3:31BF Mouse: (accel) acceleration threshold: 4
[    20.701] (II) event5  - ELAN072B:00 04F3:31BF Mouse: is tagged by udev as: Mouse Pointingstick
[    20.701] (II) event5  - ELAN072B:00 04F3:31BF Mouse: device is a pointer
[    20.702] (II) config/udev: Adding input device ELAN072B:00 04F3:31BF Mouse (/dev/input/mouse0)
[    20.703] (II) No input driver specified, ignoring this device.
[    20.703] (II) This device may have been added with another device file.
[    20.703] (II) config/udev: Adding input device AT Translated Set 2 keyboard (/dev/input/event3)
[    20.703] (**) AT Translated Set 2 keyboard: Applying InputClass "libinput keyboard catchall"
[    20.703] (II) Using input driver 'libinput' for 'AT Translated Set 2 keyboard'
[    20.704] (II) systemd-logind: got fd for /dev/input/event3 13:67 fd 35 paused 0
[    20.704] (**) AT Translated Set 2 keyboard: always reports core events
[    20.704] (**) Option "Device" "/dev/input/event3"
[    20.705] (II) event3  - AT Translated Set 2 keyboard: is tagged by udev as: Keyboard
[    20.705] (II) event3  - AT Translated Set 2 keyboard: device is a keyboard
[    20.706] (II) event3  - AT Translated Set 2 keyboard: device removed
[    20.706] (**) Option "config_info" "udev:/sys/devices/platform/i8042/serio0/input/input3/event3"
[    20.706] (II) XINPUT: Adding extended input device "AT Translated Set 2 keyboard" (type: KEYBOARD, id 12)
[    20.706] (**) Option "xkb_model" "pc105"
[    20.706] (**) Option "xkb_layout" "us"
[    20.707] (II) event3  - AT Translated Set 2 keyboard: is tagged by udev as: Keyboard
[    20.707] (II) event3  - AT Translated Set 2 keyboard: device is a keyboard
[    20.710] (II) config/udev: Adding input device HP WMI hotkeys (/dev/input/event12)
[    20.710] (**) HP WMI hotkeys: Applying InputClass "libinput keyboard catchall"
[    20.710] (II) Using input driver 'libinput' for 'HP WMI hotkeys'
[    20.711] (II) systemd-logind: got fd for /dev/input/event12 13:76 fd 36 paused 0
[    20.711] (**) HP WMI hotkeys: always reports core events
[    20.711] (**) Option "Device" "/dev/input/event12"
[    20.711] (II) event12 - HP WMI hotkeys: is tagged by udev as: Keyboard Switch
[    20.711] (II) event12 - HP WMI hotkeys: device is a keyboard
[    20.712] (II) event12 - HP WMI hotkeys: device removed
[    20.712] (**) Option "config_info" "udev:/sys/devices/virtual/input/input13/event12"
[    20.712] (II) XINPUT: Adding extended input device "HP WMI hotkeys" (type: KEYBOARD, id 13)
[    20.712] (**) Option "xkb_model" "pc105"
[    20.712] (**) Option "xkb_layout" "us"
[    20.712] (II) event12 - HP WMI hotkeys: is tagged by udev as: Keyboard Switch
[    20.712] (II) event12 - HP WMI hotkeys: device is a keyboard
[    20.713] (II) config/udev: Adding input device Wireless hotkeys (/dev/input/event7)
[    20.713] (**) Wireless hotkeys: Applying InputClass "libinput keyboard catchall"
[    20.713] (II) Using input driver 'libinput' for 'Wireless hotkeys'
[    20.714] (II) systemd-logind: got fd for /dev/input/event7 13:71 fd 37 paused 0
[    20.714] (**) Wireless hotkeys: always reports core events
[    20.714] (**) Option "Device" "/dev/input/event7"
[    20.715] (II) event7  - Wireless hotkeys: is tagged by udev as: Keyboard
[    20.715] (II) event7  - Wireless hotkeys: device is a keyboard
[    20.715] (II) event7  - Wireless hotkeys: device removed
[    20.715] (**) Option "config_info" "udev:/sys/devices/virtual/input/input8/event7"
[    20.715] (II) XINPUT: Adding extended input device "Wireless hotkeys" (type: KEYBOARD, id 14)
[    20.715] (**) Option "xkb_model" "pc105"
[    20.715] (**) Option "xkb_layout" "us"
[    20.715] (II) event7  - Wireless hotkeys: is tagged by udev as: Keyboard
[    20.716] (II) event7  - Wireless hotkeys: device is a keyboard
[    22.421] (II) modeset(0): EDID vendor "BOE", prod id 2335
[    22.421] (II) modeset(0): Printing DDC gathered Modelines:
[    22.421] (II) modeset(0): Modeline "1366x768"x0.0   76.23  1366 1414 1446 1592  768 771 777 798 +hsync -vsync (47.9 kHz eP)
[    22.421] (II) modeset(0): Modeline "1366x768"x0.0   50.82  1366 1414 1446 1592  768 771 777 798 +hsync -vsync (31.9 kHz e)
[    31.213] (EE) event6  - ELAN072B:00 04F3:31BF Touchpad: kernel bug: Touch jump detected and discarded.
See https://wayland.freedesktop.org/libinput/doc/1.21.0/touchpad-jumping-cursors.html for details
[   186.804] (EE) event6  - ELAN072B:00 04F3:31BF Touchpad: kernel bug: Touch jump detected and discarded.
See https://wayland.freedesktop.org/libinput/doc/1.21.0/touchpad-jumping-cursors.html for details
[   333.083] (EE) event6  - ELAN072B:00 04F3:31BF Touchpad: kernel bug: Touch jump detected and discarded.
See https://wayland.freedesktop.org/libinput/doc/1.21.0/touchpad-jumping-cursors.html for details
[   333.478] (EE) event6  - ELAN072B:00 04F3:31BF Touchpad: kernel bug: Touch jump detected and discarded.
See https://wayland.freedesktop.org/libinput/doc/1.21.0/touchpad-jumping-cursors.html for details
